<?xml version="1.0" encoding="UTF-8"?>
<!-- Generated by org.testng.reporters.JUnitReportReporter -->
<testsuite hostname="P" failures="0" tests="4" name="api.test.TestCase" time="29.624" errors="0" timestamp="2024-08-31T06:57:45 IST" skipped="0">
  <testcase classname="api.test.TestCase" name="testPostObject" time="7.118"/>
  <system-out/>
  <testcase classname="api.test.TestCase" name="testGetObject" time="4.070"/>
  <system-out/>
  <testcase classname="api.test.TestCase" name="testUpdateObject" time="9.195"/>
  <system-out/>
  <testcase classname="api.test.TestCase" name="deleteObject" time="9.241"/>
  <system-out/>
</testsuite> <!-- api.test.TestCase -->
